<?xml version="1.0" encoding="UTF-8"?>
<!-- Generated by org.testng.reporters.JUnitXMLReporter -->
<testsuite ignored="4" hostname="DESKTOP-JG4L1CO" failures="0" tests="2" name="Test1" time="37.896" errors="0" timestamp="2022-10-06T15:31:34 IST">
  <testcase classname="com.crm.campaign.CreateCampaignWithProductTest" name="createcampaignWithProductTest" time="22.708"/>
  <testcase classname="com.crm.campaign.createCampaignTest" name="createcampaigntest" time="12.309"/>
  <testcase classname="com.crm.GenericUtilities.BaseClass" name="@BeforeSuite BS" time="0.0">
    <ignored/>
  </testcase> <!-- @BeforeSuite BS -->
  <testcase classname="com.crm.GenericUtilities.BaseClass" name="@AfterTest AT" time="0.0">
    <ignored/>
  </testcase> <!-- @AfterTest AT -->
  <testcase classname="com.crm.GenericUtilities.BaseClass" name="@BeforeTest BT" time="0.0">
    <ignored/>
  </testcase> <!-- @BeforeTest BT -->
  <testcase classname="com.crm.GenericUtilities.BaseClass" name="@AfterSuite AS" time="0.0">
    <ignored/>
  </testcase> <!-- @AfterSuite AS -->
</testsuite> <!-- Test1 -->
