<?xml version="1.0" encoding="UTF-8"?>
<!-- Generated by org.testng.reporters.JUnitXMLReporter -->
<testsuite ignored="4" hostname="DESKTOP-JG4L1CO" failures="0" tests="2" name="Test2" time="39.225" errors="0" timestamp="2022-10-06T15:31:35 IST">
  <testcase classname="com.crm.campaign.CreateCampaignWithProductTest" name="createcampaignWithProductTest" time="20.734"/>
  <testcase classname="com.crm.campaign.createCampaignTest" name="createcampaigntest" time="10.824"/>
  <testcase classname="com.crm.GenericUtilities.BaseClass" name="@BeforeSuite BS" time="0.0">
    <ignored/>
  </testcase> <!-- @BeforeSuite BS -->
  <testcase classname="com.crm.GenericUtilities.BaseClass" name="@AfterTest AT" time="0.0">
    <ignored/>
  </testcase> <!-- @AfterTest AT -->
  <testcase classname="com.crm.GenericUtilities.BaseClass" name="@BeforeTest BT" time="0.0">
    <ignored/>
  </testcase> <!-- @BeforeTest BT -->
  <testcase classname="com.crm.GenericUtilities.BaseClass" name="@AfterSuite AS" time="0.0">
    <ignored/>
  </testcase> <!-- @AfterSuite AS -->
</testsuite> <!-- Test2 -->
